  source.cpp
c:\program files (x86)\windows kits\10\include\10.0.17134.0\shared\minwindef.h(130): warning C4005: 'APIENTRY': macro redefinition
  c:\users\bonnie\downloads\volumerendering-master\packages\nupengl.core.0.1.0.1\build\native\include\glfw\glfw3.h(92): note: see previous definition of 'APIENTRY'
c:\users\bonnie\downloads\volumerendering-master\volumerendering\source.cpp(87): warning C4244: '=': conversion from 'double' to 'GLfloat', possible loss of data
c:\users\bonnie\downloads\volumerendering-master\volumerendering\source.cpp(88): warning C4244: '=': conversion from 'double' to 'GLfloat', possible loss of data
c:\users\bonnie\downloads\volumerendering-master\volumerendering\source.cpp(95): warning C4244: '=': conversion from 'double' to 'GLfloat', possible loss of data
c:\users\bonnie\downloads\volumerendering-master\volumerendering\source.cpp(96): warning C4244: '=': conversion from 'double' to 'GLfloat', possible loss of data
c:\users\bonnie\downloads\volumerendering-master\volumerendering\source.cpp(118): warning C4244: '=': conversion from 'double' to 'GLfloat', possible loss of data
c:\users\bonnie\downloads\volumerendering-master\volumerendering\source.cpp(127): warning C4244: '=': conversion from 'double' to 'GLfloat', possible loss of data
c:\users\bonnie\downloads\volumerendering-master\volumerendering\source.cpp(142): warning C4244: '=': conversion from 'double' to 'GLfloat', possible loss of data
c:\users\bonnie\downloads\volumerendering-master\volumerendering\source.cpp(145): warning C4244: '=': conversion from 'double' to 'GLfloat', possible loss of data
c:\users\bonnie\downloads\volumerendering-master\volumerendering\source.cpp(148): warning C4244: '=': conversion from 'double' to 'GLfloat', possible loss of data
c:\users\bonnie\downloads\volumerendering-master\volumerendering\source.cpp(156): warning C4244: '=': conversion from 'double' to 'GLfloat', possible loss of data
c:\users\bonnie\downloads\volumerendering-master\volumerendering\source.cpp(159): warning C4244: '=': conversion from 'double' to 'GLfloat', possible loss of data
c:\users\bonnie\downloads\volumerendering-master\volumerendering\source.cpp(162): warning C4244: '=': conversion from 'double' to 'GLfloat', possible loss of data
c:\users\bonnie\downloads\volumerendering-master\volumerendering\source.cpp(164): warning C4244: '=': conversion from 'double' to 'GLfloat', possible loss of data
c:\users\bonnie\downloads\volumerendering-master\volumerendering\source.cpp(342): warning C4244: '=': conversion from 'double' to 'GLfloat', possible loss of data
c:\users\bonnie\downloads\volumerendering-master\volumerendering\source.cpp(352): warning C4244: 'initializing': conversion from 'double' to 'GLfloat', possible loss of data
c:\users\bonnie\downloads\volumerendering-master\volumerendering\source.cpp(354): warning C4244: 'initializing': conversion from 'GLint' to 'GLfloat', possible loss of data
c:\users\bonnie\downloads\volumerendering-master\volumerendering\source.cpp(355): warning C4244: 'initializing': conversion from 'GLint' to 'GLfloat', possible loss of data
c:\users\bonnie\downloads\volumerendering-master\volumerendering\source.cpp(356): warning C4244: 'argument': conversion from 'GLfloat' to 'GLint', possible loss of data
c:\users\bonnie\downloads\volumerendering-master\volumerendering\source.cpp(357): warning C4244: 'initializing': conversion from 'GLint' to 'GLfloat', possible loss of data
c:\users\bonnie\downloads\volumerendering-master\volumerendering\source.cpp(358): warning C4244: 'initializing': conversion from 'GLint' to 'GLfloat', possible loss of data
c:\users\bonnie\downloads\volumerendering-master\volumerendering\source.cpp(359): warning C4244: 'initializing': conversion from 'GLint' to 'GLfloat', possible loss of data
c:\users\bonnie\downloads\volumerendering-master\volumerendering\source.cpp(360): warning C4244: 'initializing': conversion from 'GLint' to 'GLfloat', possible loss of data
c:\users\bonnie\downloads\volumerendering-master\volumerendering\source.cpp(406): warning C4244: '=': conversion from 'double' to 'GLfloat', possible loss of data
c:\users\bonnie\downloads\volumerendering-master\volumerendering\source.cpp(407): warning C4244: '/=': conversion from 'double' to 'GLfloat', possible loss of data
c:\users\bonnie\downloads\volumerendering-master\volumerendering\source.cpp(413): warning C4244: 'argument': conversion from 'GLfloat' to 'GLint', possible loss of data
c:\users\bonnie\downloads\volumerendering-master\volumerendering\source.cpp(414): warning C4244: 'argument': conversion from 'GLfloat' to 'GLint', possible loss of data
c:\users\bonnie\downloads\volumerendering-master\volumerendering\source.cpp(415): warning C4244: 'argument': conversion from 'GLfloat' to 'GLint', possible loss of data
c:\users\bonnie\downloads\volumerendering-master\volumerendering\source.cpp(416): warning C4244: 'argument': conversion from 'GLfloat' to 'GLint', possible loss of data
c:\users\bonnie\downloads\volumerendering-master\volumerendering\source.cpp(334): warning C4101: 'oldCenters': unreferenced local variable
c:\users\bonnie\downloads\volumerendering-master\volumerendering\source.cpp(334): warning C4101: 'newCenters': unreferenced local variable
source.obj : error LNK2001: unresolved external symbol __glewEnableVertexAttribArray
source.obj : error LNK2001: unresolved external symbol __glewBindVertexArray
source.obj : error LNK2001: unresolved external symbol __glewUseProgram
source.obj : error LNK2001: unresolved external symbol __glewVertexAttribPointer
source.obj : error LNK2001: unresolved external symbol __glewGetShaderiv
source.obj : error LNK2001: unresolved external symbol __glewCompileShader
source.obj : error LNK2001: unresolved external symbol __glewCreateShader
source.obj : error LNK2001: unresolved external symbol __glewBindBuffer
source.obj : error LNK2001: unresolved external symbol __glewCreateProgram
source.obj : error LNK2001: unresolved external symbol __glewUniform1i
source.obj : error LNK2001: unresolved external symbol __glewGetShaderInfoLog
source.obj : error LNK2001: unresolved external symbol __glewGetProgramiv
source.obj : error LNK2001: unresolved external symbol SOIL_free_image_data
source.obj : error LNK2001: unresolved external symbol SOIL_load_image
source.obj : error LNK2001: unresolved external symbol __glewUniform1f
source.obj : error LNK2001: unresolved external symbol __glewGetUniformLocation
source.obj : error LNK2001: unresolved external symbol __glewBufferData
source.obj : error LNK2001: unresolved external symbol __glewAttachShader
source.obj : error LNK2001: unresolved external symbol __glewActiveTexture
source.obj : error LNK2001: unresolved external symbol __glewShaderSource
source.obj : error LNK2001: unresolved external symbol __glewGenVertexArrays
source.obj : error LNK2001: unresolved external symbol __glewUniformMatrix4fv
source.obj : error LNK2001: unresolved external symbol glewExperimental
source.obj : error LNK2001: unresolved external symbol __glewGetProgramInfoLog
source.obj : error LNK2001: unresolved external symbol __glewGenBuffers
source.obj : error LNK2001: unresolved external symbol __glewDeleteShader
source.obj : error LNK2001: unresolved external symbol __glewLinkProgram
C:\Users\Bonnie\Downloads\VolumeRendering-master\x64\Release\VolumeRendering.exe : fatal error LNK1120: 27 unresolved externals
